<?xml version="1.0" encoding="UTF-8"?>
<testng-results ignored="0" total="1" passed="1" failed="0" skipped="0">
  <reporter-output>
  </reporter-output>
  <suite started-at="2022-03-03T22:57:33 IST" name="Suite" finished-at="2022-03-03T22:57:40 IST" duration-ms="6903">
    <groups>
    </groups>
    <test started-at="2022-03-03T22:57:33 IST" name="Test" finished-at="2022-03-03T22:57:40 IST" duration-ms="6903">
      <class name="Salesforce.HomePage">
        <test-method is-config="true" signature="initializer()[pri:0, instance:Salesforce.HomePage@be64738]" started-at="2022-03-03T22:57:33 IST" name="initializer" finished-at="2022-03-03T22:57:37 IST" duration-ms="4055" status="PASS">
          <reporter-output>
          </reporter-output>
        </test-method> <!-- initializer -->
        <test-method signature="HomepageImplementation()[pri:0, instance:Salesforce.HomePage@be64738]" started-at="2022-03-03T22:57:37 IST" name="HomepageImplementation" finished-at="2022-03-03T22:57:40 IST" duration-ms="2753" status="PASS">
          <reporter-output>
          </reporter-output>
        </test-method> <!-- HomepageImplementation -->
      </class> <!-- Salesforce.HomePage -->
    </test> <!-- Test -->
  </suite> <!-- Suite -->
</testng-results>
