<?xml version="1.0" encoding="UTF-8"?>
<testng-results ignored="0" total="1" passed="1" failed="0" skipped="0">
  <reporter-output>
  </reporter-output>
  <suite started-at="2022-03-15T15:07:03 IST" name="Suite" finished-at="2022-03-15T15:07:11 IST" duration-ms="7700">
    <groups>
    </groups>
    <test started-at="2022-03-15T15:07:03 IST" name="Test" finished-at="2022-03-15T15:07:11 IST" duration-ms="7700">
      <class name="Salesforce.HomePage">
        <test-method is-config="true" signature="initializer()[pri:0, instance:Salesforce.HomePage@6f46426d]" started-at="2022-03-15T15:07:03 IST" name="initializer" finished-at="2022-03-15T15:07:06 IST" duration-ms="2904" status="PASS">
          <reporter-output>
          </reporter-output>
        </test-method> <!-- initializer -->
        <test-method signature="HomepageImplementation()[pri:0, instance:Salesforce.HomePage@6f46426d]" started-at="2022-03-15T15:07:06 IST" name="HomepageImplementation" finished-at="2022-03-15T15:07:11 IST" duration-ms="4756" status="PASS">
          <reporter-output>
          </reporter-output>
        </test-method> <!-- HomepageImplementation -->
      </class> <!-- Salesforce.HomePage -->
    </test> <!-- Test -->
  </suite> <!-- Suite -->
</testng-results>
